<?xml version="1.0" encoding="UTF-8"?>
<coverage generated="1725066229533" clover="3.2.0">
  <project timestamp="1725066229533" name="All files">
    <metrics statements="27" coveredstatements="27" conditionals="11" coveredconditionals="11" methods="8" coveredmethods="8" elements="46" coveredelements="46" complexity="0" loc="27" ncloc="27" packages="1" files="1" classes="1"/>
    <file name="priority-queue.js" path="C:\Users\Inble\WebstormProjects\dsa\src\ds\priority-queue.js">
      <metrics statements="27" coveredstatements="27" conditionals="11" coveredconditionals="11" methods="8" coveredmethods="8"/>
      <line num="1" count="2" type="cond" truecount="2" falsecount="0"/>
      <line num="2" count="2" type="stmt"/>
      <line num="3" count="2" type="stmt"/>
      <line num="4" count="2" type="cond" truecount="1" falsecount="0"/>
      <line num="5" count="10" type="stmt"/>
      <line num="6" count="10" type="cond" truecount="1" falsecount="0"/>
      <line num="7" count="4" type="stmt"/>
      <line num="8" count="4" type="stmt"/>
      <line num="9" count="10" type="cond" truecount="1" falsecount="0"/>
      <line num="10" count="10" type="stmt"/>
      <line num="11" count="10" type="cond" truecount="1" falsecount="0"/>
      <line num="12" count="34" type="stmt"/>
      <line num="13" count="34" type="cond" truecount="1" falsecount="0"/>
      <line num="14" count="34" type="stmt"/>
      <line num="15" count="10" type="cond" truecount="1" falsecount="0"/>
      <line num="16" count="10" type="stmt"/>
      <line num="17" count="10" type="stmt"/>
      <line num="18" count="10" type="cond" truecount="1" falsecount="0"/>
      <line num="19" count="6" type="stmt"/>
      <line num="20" count="6" type="stmt"/>
      <line num="21" count="10" type="cond" truecount="1" falsecount="0"/>
      <line num="22" count="4" type="cond" truecount="1" falsecount="0"/>
      <line num="23" count="16" type="stmt"/>
      <line num="24" count="16" type="stmt"/>
      <line num="25" count="4" type="stmt"/>
      <line num="26" count="10" type="stmt"/>
      <line num="27" count="2" type="stmt"/>
    </file>
  </project>
</coverage>
