{"C:\\Users\\Inble\\WebstormProjects\\dsa\\src\\ds\\priority-queue.js": {"path":"C:\\Users\\Inble\\WebstormProjects\\dsa\\src\\ds\\priority-queue.js","all":false,"statementMap":{"0":{"start":{"line":1,"column":0},"end":{"line":1,"column":13}},"1":{"start":{"line":2,"column":0},"end":{"line":2,"column":62}},"2":{"start":{"line":3,"column":0},"end":{"line":3,"column":31}},"3":{"start":{"line":4,"column":0},"end":{"line":4,"column":21}},"4":{"start":{"line":5,"column":0},"end":{"line":5,"column":17}},"5":{"start":{"line":6,"column":0},"end":{"line":6,"column":18}},"6":{"start":{"line":7,"column":0},"end":{"line":7,"column":35}},"7":{"start":{"line":8,"column":0},"end":{"line":8,"column":5}},"8":{"start":{"line":9,"column":0},"end":{"line":9,"column":19}},"9":{"start":{"line":10,"column":0},"end":{"line":10,"column":5}},"10":{"start":{"line":11,"column":0},"end":{"line":11,"column":29}},"11":{"start":{"line":12,"column":0},"end":{"line":12,"column":49}},"12":{"start":{"line":13,"column":0},"end":{"line":13,"column":61}},"13":{"start":{"line":14,"column":0},"end":{"line":14,"column":5}},"14":{"start":{"line":15,"column":0},"end":{"line":15,"column":11}},"15":{"start":{"line":16,"column":0},"end":{"line":16,"column":36}},"16":{"start":{"line":17,"column":0},"end":{"line":17,"column":5}},"17":{"start":{"line":18,"column":0},"end":{"line":18,"column":15}},"18":{"start":{"line":19,"column":0},"end":{"line":19,"column":41}},"19":{"start":{"line":20,"column":0},"end":{"line":20,"column":5}},"20":{"start":{"line":21,"column":0},"end":{"line":21,"column":13}},"21":{"start":{"line":22,"column":0},"end":{"line":22,"column":41}},"22":{"start":{"line":23,"column":0},"end":{"line":23,"column":31}},"23":{"start":{"line":24,"column":0},"end":{"line":24,"column":9}},"24":{"start":{"line":25,"column":0},"end":{"line":25,"column":5}},"25":{"start":{"line":26,"column":0},"end":{"line":26,"column":1}},"26":{"start":{"line":27,"column":0},"end":{"line":27,"column":38}}},"s":{"0":2,"1":2,"2":2,"3":2,"4":10,"5":10,"6":4,"7":4,"8":10,"9":10,"10":10,"11":34,"12":34,"13":34,"14":10,"15":10,"16":10,"17":10,"18":6,"19":6,"20":10,"21":4,"22":16,"23":16,"24":4,"25":10,"26":2},"branchMap":{"0":{"type":"branch","line":1,"loc":{"start":{"line":1,"column":0},"end":{"line":27,"column":38}},"locations":[{"start":{"line":1,"column":0},"end":{"line":27,"column":38}}]},"1":{"type":"branch","line":1,"loc":{"start":{"line":1,"column":0},"end":{"line":27,"column":38}},"locations":[{"start":{"line":1,"column":0},"end":{"line":27,"column":38}}]},"2":{"type":"branch","line":4,"loc":{"start":{"line":4,"column":20},"end":{"line":26,"column":1}},"locations":[{"start":{"line":4,"column":20},"end":{"line":26,"column":1}}]},"3":{"type":"branch","line":6,"loc":{"start":{"line":6,"column":4},"end":{"line":8,"column":5}},"locations":[{"start":{"line":6,"column":4},"end":{"line":8,"column":5}}]},"4":{"type":"branch","line":9,"loc":{"start":{"line":9,"column":4},"end":{"line":10,"column":5}},"locations":[{"start":{"line":9,"column":4},"end":{"line":10,"column":5}}]},"5":{"type":"branch","line":11,"loc":{"start":{"line":11,"column":4},"end":{"line":14,"column":5}},"locations":[{"start":{"line":11,"column":4},"end":{"line":14,"column":5}}]},"6":{"type":"branch","line":13,"loc":{"start":{"line":13,"column":26},"end":{"line":13,"column":59}},"locations":[{"start":{"line":13,"column":26},"end":{"line":13,"column":59}}]},"7":{"type":"branch","line":15,"loc":{"start":{"line":15,"column":4},"end":{"line":17,"column":5}},"locations":[{"start":{"line":15,"column":4},"end":{"line":17,"column":5}}]},"8":{"type":"branch","line":18,"loc":{"start":{"line":18,"column":4},"end":{"line":20,"column":5}},"locations":[{"start":{"line":18,"column":4},"end":{"line":20,"column":5}}]},"9":{"type":"branch","line":21,"loc":{"start":{"line":21,"column":4},"end":{"line":25,"column":5}},"locations":[{"start":{"line":21,"column":4},"end":{"line":25,"column":5}}]},"10":{"type":"branch","line":22,"loc":{"start":{"line":22,"column":40},"end":{"line":24,"column":9}},"locations":[{"start":{"line":22,"column":40},"end":{"line":24,"column":9}}]}},"b":{"0":[2],"1":[2],"2":[10],"3":[4],"4":[10],"5":[34],"6":[48],"7":[10],"8":[6],"9":[4],"10":[16]},"fnMap":{"0":{"name":"Object.<anonymous>","decl":{"start":{"line":1,"column":0},"end":{"line":27,"column":38}},"loc":{"start":{"line":1,"column":0},"end":{"line":27,"column":38}},"line":1},"1":{"name":"<instance_members_initializer>","decl":{"start":{"line":4,"column":20},"end":{"line":26,"column":1}},"loc":{"start":{"line":4,"column":20},"end":{"line":26,"column":1}},"line":4},"2":{"name":"get length","decl":{"start":{"line":6,"column":4},"end":{"line":8,"column":5}},"loc":{"start":{"line":6,"column":4},"end":{"line":8,"column":5}},"line":6},"3":{"name":"PriorityQueue","decl":{"start":{"line":9,"column":4},"end":{"line":10,"column":5}},"loc":{"start":{"line":9,"column":4},"end":{"line":10,"column":5}},"line":9},"4":{"name":"push","decl":{"start":{"line":11,"column":4},"end":{"line":14,"column":5}},"loc":{"start":{"line":11,"column":4},"end":{"line":14,"column":5}},"line":11},"5":{"name":"pop","decl":{"start":{"line":15,"column":4},"end":{"line":17,"column":5}},"loc":{"start":{"line":15,"column":4},"end":{"line":17,"column":5}},"line":15},"6":{"name":"isEmpty","decl":{"start":{"line":18,"column":4},"end":{"line":20,"column":5}},"loc":{"start":{"line":18,"column":4},"end":{"line":20,"column":5}},"line":18},"7":{"name":"clear","decl":{"start":{"line":21,"column":4},"end":{"line":25,"column":5}},"loc":{"start":{"line":21,"column":4},"end":{"line":25,"column":5}},"line":21}},"f":{"0":2,"1":10,"2":4,"3":10,"4":34,"5":10,"6":6,"7":4}}
}
