TN:
SF:src\ds\priority-queue.js
FN:1,Object.<anonymous>
FN:4,<instance_members_initializer>
FN:6,get length
FN:9,push
FN:13,pop
FN:16,isEmpty
FN:19,clear
FNF:7
FNH:7
FNDA:2,Object.<anonymous>
FNDA:10,<instance_members_initializer>
FNDA:4,get length
FNDA:34,push
FNDA:10,pop
FNDA:6,isEmpty
FNDA:4,clear
DA:1,2
DA:2,2
DA:3,2
DA:4,2
DA:5,10
DA:6,10
DA:7,4
DA:8,4
DA:9,10
DA:10,34
DA:11,34
DA:12,34
DA:13,10
DA:14,10
DA:15,10
DA:16,10
DA:17,6
DA:18,6
DA:19,10
DA:20,4
DA:21,16
DA:22,16
DA:23,4
DA:24,10
DA:25,2
LF:25
LH:25
BRDA:1,0,0,2
BRDA:1,1,0,2
BRDA:4,2,0,10
BRDA:6,3,0,4
BRDA:9,4,0,34
BRDA:11,5,0,48
BRDA:13,6,0,10
BRDA:16,7,0,6
BRDA:19,8,0,4
BRDA:20,9,0,16
BRF:10
BRH:10
end_of_record
