TN:
SF:src\ds\priority-queue.js
FN:1,Object.<anonymous>
FN:4,<instance_members_initializer>
FN:6,get length
FN:9,PriorityQueue
FN:11,push
FN:15,pop
FN:18,isEmpty
FN:21,clear
FNF:8
FNH:8
FNDA:2,Object.<anonymous>
FNDA:10,<instance_members_initializer>
FNDA:4,get length
FNDA:10,PriorityQueue
FNDA:34,push
FNDA:10,pop
FNDA:6,isEmpty
FNDA:4,clear
DA:1,2
DA:2,2
DA:3,2
DA:4,2
DA:5,10
DA:6,10
DA:7,4
DA:8,4
DA:9,10
DA:10,10
DA:11,10
DA:12,34
DA:13,34
DA:14,34
DA:15,10
DA:16,10
DA:17,10
DA:18,10
DA:19,6
DA:20,6
DA:21,10
DA:22,4
DA:23,16
DA:24,16
DA:25,4
DA:26,10
DA:27,2
LF:27
LH:27
BRDA:1,0,0,2
BRDA:1,1,0,2
BRDA:4,2,0,10
BRDA:6,3,0,4
BRDA:9,4,0,10
BRDA:11,5,0,34
BRDA:13,6,0,48
BRDA:15,7,0,10
BRDA:18,8,0,6
BRDA:21,9,0,4
BRDA:22,10,0,16
BRF:11
BRH:11
end_of_record
